app/build/intermediates/manifest_merge_blame_file/debug/manifest-merger-blame-debug-report.txt
1<?xml version="1.0" encoding="utf-8"?>
2<manifest xmlns:android="http://schemas.android.com/apk/res/android"
3    package="com.example.testwork"
4    android:versionCode="1"
5    android:versionName="1.0" >
6
7    <uses-sdk
8        android:minSdkVersion="21"
8-->src\main\AndroidManifest.xml
9        android:targetSdkVersion="32" />
9-->src\main\AndroidManifest.xml
10
11    <permission
11-->[androidx.core:core:1.9.0] AndroidManifest.xml:22:5-24:47
12        android:name="com.example.testwork.DYNAMIC_RECEIVER_NOT_EXPORTED_PERMISSION"
12-->[androidx.core:core:1.9.0] AndroidManifest.xml:23:9-81
13        android:protectionLevel="signature" />
13-->[androidx.core:core:1.9.0] AndroidManifest.xml:24:9-44
14
15    <uses-permission android:name="com.example.testwork.DYNAMIC_RECEIVER_NOT_EXPORTED_PERMISSION" /> <!-- Permission will be merged into the manifest of the hosting app. -->
15-->[androidx.core:core:1.9.0] AndroidManifest.xml:26:5-97
15-->[androidx.core:core:1.9.0] AndroidManifest.xml:26:22-94
16    <!-- Is required to launch foreground extraction service for targetSdkVersion 28+. -->
17    <uses-permission android:name="android.permission.FOREGROUND_SERVICE" />
17-->[com.google.android.play:core:1.9.1] AndroidManifest.xml:8:3-74
17-->[com.google.android.play:core:1.9.1] AndroidManifest.xml:8:20-72
18
19    <application
19-->src\main\AndroidManifest.xml:5:5-84:19
20        android:allowBackup="true"
20-->src\main\AndroidManifest.xml:6:9-35
21        android:appComponentFactory="androidx.core.app.CoreComponentFactory"
21-->[androidx.core:core:1.9.0] AndroidManifest.xml:28:18-86
22        android:dataExtractionRules="@xml/data_extraction_rules"
22-->src\main\AndroidManifest.xml:7:9-65
23        android:debuggable="true"
24        android:fullBackupContent="@xml/backup_rules"
24-->src\main\AndroidManifest.xml:8:9-54
25        android:icon="@mipmap/ic_launcher"
25-->src\main\AndroidManifest.xml:9:9-43
26        android:label="@string/app_name"
26-->src\main\AndroidManifest.xml:10:9-41
27        android:roundIcon="@mipmap/ic_launcher_round"
27-->src\main\AndroidManifest.xml:11:9-54
28        android:supportsRtl="true"
28-->src\main\AndroidManifest.xml:12:9-35
29        android:testOnly="true"
30        android:theme="@style/Theme.TestWork" >
30-->src\main\AndroidManifest.xml:13:9-46
31
32        <!-- ↓ For application -->
33
34        <activity
34-->src\main\AndroidManifest.xml:19:9-25:20
35            android:name="com.example.testwork.navActivity"
35-->src\main\AndroidManifest.xml:20:13-39
36            android:exported="false" >
36-->src\main\AndroidManifest.xml:21:13-37
37            <meta-data
37-->src\main\AndroidManifest.xml:22:13-24:36
38                android:name="android.app.lib_name"
38-->src\main\AndroidManifest.xml:23:17-52
39                android:value="" />
39-->src\main\AndroidManifest.xml:24:17-33
40        </activity>
41
42        <!-- <activity -->
43        <!-- android:name=".navActivity" -->
44        <!-- android:exported="true"> -->
45        <!-- <intent-filter> -->
46        <!-- <action android:name="android.intent.action.MAIN" /> -->
47
48
49        <!-- <category android:name="android.intent.category.LAUNCHER" /> -->
50        <!-- </intent-filter> -->
51
52
53        <!-- <meta-data -->
54        <!-- android:name="android.app.lib_name" -->
55        <!-- android:value="" /> -->
56        <!-- </activity> -->
57
58
59        <!-- ↑ For navigation -->
60
61        <activity
61-->src\main\AndroidManifest.xml:43:9-49:20
62            android:name="com.example.testwork.LoginActivity"
62-->src\main\AndroidManifest.xml:44:13-42
63            android:exported="false" >
63-->src\main\AndroidManifest.xml:45:13-37
64            <meta-data
64-->src\main\AndroidManifest.xml:22:13-24:36
65                android:name="android.app.lib_name"
65-->src\main\AndroidManifest.xml:23:17-52
66                android:value="" />
66-->src\main\AndroidManifest.xml:24:17-33
67        </activity>
68
69        <!-- ↓ For application -->
70
71        <activity
71-->src\main\AndroidManifest.xml:53:9-65:20
72            android:name="com.example.testwork.Splash_Screen"
72-->src\main\AndroidManifest.xml:54:13-42
73            android:exported="true" >
73-->src\main\AndroidManifest.xml:55:13-36
74            <intent-filter>
74-->src\main\AndroidManifest.xml:56:13-60:29
75                <action android:name="android.intent.action.MAIN" />
75-->src\main\AndroidManifest.xml:57:17-69
75-->src\main\AndroidManifest.xml:57:25-66
76
77                <category android:name="android.intent.category.LAUNCHER" />
77-->src\main\AndroidManifest.xml:59:17-77
77-->src\main\AndroidManifest.xml:59:27-74
78            </intent-filter>
79
80            <meta-data
80-->src\main\AndroidManifest.xml:22:13-24:36
81                android:name="android.app.lib_name"
81-->src\main\AndroidManifest.xml:23:17-52
82                android:value="" />
82-->src\main\AndroidManifest.xml:24:17-33
83        </activity>
84
85        <!-- <activity -->
86        <!-- android:name="Splash_Screen" -->
87        <!-- android:exported="false"> -->
88        <!-- <meta-data -->
89        <!-- android:name="android.app.lib_name" -->
90        <!-- android:value="" /> -->
91        <!-- </activity> -->
92
93
94        <!-- ↑ For navigation -->
95
96        <activity
96-->src\main\AndroidManifest.xml:77:9-83:20
97            android:name="com.example.testwork.MainActivity"
97-->src\main\AndroidManifest.xml:78:13-41
98            android:exported="false" >
98-->src\main\AndroidManifest.xml:79:13-37
99            <meta-data
99-->src\main\AndroidManifest.xml:22:13-24:36
100                android:name="android.app.lib_name"
100-->src\main\AndroidManifest.xml:23:17-52
101                android:value="" />
101-->src\main\AndroidManifest.xml:24:17-33
102        </activity>
103
104        <provider
104-->[androidx.emoji2:emoji2:1.2.0] AndroidManifest.xml:24:9-32:20
105            android:name="androidx.startup.InitializationProvider"
105-->[androidx.emoji2:emoji2:1.2.0] AndroidManifest.xml:25:13-67
106            android:authorities="com.example.testwork.androidx-startup"
106-->[androidx.emoji2:emoji2:1.2.0] AndroidManifest.xml:26:13-68
107            android:exported="false" >
107-->[androidx.emoji2:emoji2:1.2.0] AndroidManifest.xml:27:13-37
108            <meta-data
108-->[androidx.emoji2:emoji2:1.2.0] AndroidManifest.xml:29:13-31:52
109                android:name="androidx.emoji2.text.EmojiCompatInitializer"
109-->[androidx.emoji2:emoji2:1.2.0] AndroidManifest.xml:30:17-75
110                android:value="androidx.startup" />
110-->[androidx.emoji2:emoji2:1.2.0] AndroidManifest.xml:31:17-49
111            <meta-data
111-->[androidx.lifecycle:lifecycle-process:2.4.1] AndroidManifest.xml:31:13-33:52
112                android:name="androidx.lifecycle.ProcessLifecycleInitializer"
112-->[androidx.lifecycle:lifecycle-process:2.4.1] AndroidManifest.xml:32:17-78
113                android:value="androidx.startup" />
113-->[androidx.lifecycle:lifecycle-process:2.4.1] AndroidManifest.xml:33:17-49
114        </provider> <!-- The activities will be merged into the manifest of the hosting app. -->
115        <activity
115-->[com.google.android.play:core:1.9.1] AndroidManifest.xml:12:5-271
116            android:name="com.google.android.play.core.missingsplits.PlayCoreMissingSplitsActivity"
116-->[com.google.android.play:core:1.9.1] AndroidManifest.xml:12:15-102
117            android:enabled="false"
117-->[com.google.android.play:core:1.9.1] AndroidManifest.xml:12:103-126
118            android:exported="false"
118-->[com.google.android.play:core:1.9.1] AndroidManifest.xml:12:127-151
119            android:launchMode="singleInstance"
119-->[com.google.android.play:core:1.9.1] AndroidManifest.xml:12:204-239
120            android:process=":playcore_missing_splits_activity"
120-->[com.google.android.play:core:1.9.1] AndroidManifest.xml:12:152-203
121            android:stateNotNeeded="true" />
121-->[com.google.android.play:core:1.9.1] AndroidManifest.xml:12:240-269
122        <activity
122-->[com.google.android.play:core:1.9.1] AndroidManifest.xml:13:5-226
123            android:name="com.google.android.play.core.common.PlayCoreDialogWrapperActivity"
123-->[com.google.android.play:core:1.9.1] AndroidManifest.xml:13:15-95
124            android:enabled="false"
124-->[com.google.android.play:core:1.9.1] AndroidManifest.xml:13:96-119
125            android:exported="false"
125-->[com.google.android.play:core:1.9.1] AndroidManifest.xml:13:120-144
126            android:stateNotNeeded="true"
126-->[com.google.android.play:core:1.9.1] AndroidManifest.xml:13:145-174
127            android:theme="@style/Theme.PlayCore.Transparent" /> <!-- The services will be merged into the manifest of the hosting app. -->
127-->[com.google.android.play:core:1.9.1] AndroidManifest.xml:13:175-224
128        <service
128-->[com.google.android.play:core:1.9.1] AndroidManifest.xml:16:5-18:15
129            android:name="com.google.android.play.core.assetpacks.AssetPackExtractionService"
129-->[com.google.android.play:core:1.9.1] AndroidManifest.xml:16:14-95
130            android:enabled="false"
130-->[com.google.android.play:core:1.9.1] AndroidManifest.xml:16:96-119
131            android:exported="true" >
131-->[com.google.android.play:core:1.9.1] AndroidManifest.xml:16:120-143
132            <meta-data
132-->[com.google.android.play:core:1.9.1] AndroidManifest.xml:17:7-108
133                android:name="com.google.android.play.core.assetpacks.versionCode"
133-->[com.google.android.play:core:1.9.1] AndroidManifest.xml:17:18-84
134                android:value="10901" />
134-->[com.google.android.play:core:1.9.1] AndroidManifest.xml:17:85-106
135        </service>
136        <service
136-->[com.google.android.play:core:1.9.1] AndroidManifest.xml:19:5-147
137            android:name="com.google.android.play.core.assetpacks.ExtractionForegroundService"
137-->[com.google.android.play:core:1.9.1] AndroidManifest.xml:19:14-96
138            android:enabled="false"
138-->[com.google.android.play:core:1.9.1] AndroidManifest.xml:19:97-120
139            android:exported="false" />
139-->[com.google.android.play:core:1.9.1] AndroidManifest.xml:19:121-145
140    </application>
141
142</manifest>